[2026-04-10T17:48:48.705+0000] {manager.py:483} INFO - Processing files using up to 2 processes at a time 
[2026-04-10T17:48:48.706+0000] {manager.py:484} INFO - Process each file at most once every 30 seconds
[2026-04-10T17:48:48.707+0000] {manager.py:485} INFO - Checking for new files in /opt/airflow/dags every 300 seconds
[2026-04-10T17:48:48.708+0000] {manager.py:821} INFO - Searching for files in /opt/airflow/dags
[2026-04-10T17:48:48.722+0000] {manager.py:824} INFO - There are 0 files in /opt/airflow/dags
[2026-04-10T18:03:03.621+0000] {manager.py:483} INFO - Processing files using up to 2 processes at a time 
[2026-04-10T18:03:03.622+0000] {manager.py:484} INFO - Process each file at most once every 30 seconds
[2026-04-10T18:03:03.622+0000] {manager.py:485} INFO - Checking for new files in /opt/airflow/dags every 300 seconds
[2026-04-10T18:03:03.623+0000] {manager.py:821} INFO - Searching for files in /opt/airflow/dags
[2026-04-10T18:03:03.628+0000] {manager.py:824} INFO - There are 0 files in /opt/airflow/dags
[2026-04-10T18:43:09.882+0000] {manager.py:483} INFO - Processing files using up to 2 processes at a time 
[2026-04-10T18:43:09.883+0000] {manager.py:484} INFO - Process each file at most once every 30 seconds
[2026-04-10T18:43:09.883+0000] {manager.py:485} INFO - Checking for new files in /opt/airflow/dags every 300 seconds
[2026-04-10T18:43:09.884+0000] {manager.py:821} INFO - Searching for files in /opt/airflow/dags
[2026-04-10T18:43:09.889+0000] {manager.py:824} INFO - There are 0 files in /opt/airflow/dags
[2026-04-13T14:12:29.472+0000] {manager.py:483} INFO - Processing files using up to 2 processes at a time 
[2026-04-13T14:12:29.473+0000] {manager.py:484} INFO - Process each file at most once every 30 seconds
[2026-04-13T14:12:29.473+0000] {manager.py:485} INFO - Checking for new files in /opt/airflow/dags every 300 seconds
[2026-04-13T14:12:29.474+0000] {manager.py:821} INFO - Searching for files in /opt/airflow/dags
[2026-04-13T14:12:29.478+0000] {manager.py:824} INFO - There are 0 files in /opt/airflow/dags
[2026-04-13T14:17:29.614+0000] {manager.py:821} INFO - Searching for files in /opt/airflow/dags
[2026-04-13T14:17:29.621+0000] {manager.py:824} INFO - There are 0 files in /opt/airflow/dags
[2026-04-13T14:22:29.711+0000] {manager.py:821} INFO - Searching for files in /opt/airflow/dags
[2026-04-13T14:22:29.717+0000] {manager.py:824} INFO - There are 0 files in /opt/airflow/dags
[2026-04-13T14:27:29.846+0000] {manager.py:821} INFO - Searching for files in /opt/airflow/dags
[2026-04-13T14:27:29.850+0000] {manager.py:824} INFO - There are 0 files in /opt/airflow/dags
[2026-04-13T14:32:30.191+0000] {manager.py:821} INFO - Searching for files in /opt/airflow/dags
[2026-04-13T14:32:30.196+0000] {manager.py:824} INFO - There are 0 files in /opt/airflow/dags
[2026-04-13T14:37:30.350+0000] {manager.py:821} INFO - Searching for files in /opt/airflow/dags
[2026-04-13T14:37:30.357+0000] {manager.py:824} INFO - There are 0 files in /opt/airflow/dags
[2026-04-13T14:42:30.629+0000] {manager.py:821} INFO - Searching for files in /opt/airflow/dags
[2026-04-13T14:42:30.635+0000] {manager.py:824} INFO - There are 0 files in /opt/airflow/dags
[2026-04-13T14:53:47.827+0000] {manager.py:821} INFO - Searching for files in /opt/airflow/dags
[2026-04-13T14:53:47.838+0000] {manager.py:824} INFO - There are 0 files in /opt/airflow/dags
[2026-04-13T14:58:48.206+0000] {manager.py:821} INFO - Searching for files in /opt/airflow/dags
[2026-04-13T14:58:48.227+0000] {manager.py:824} INFO - There are 0 files in /opt/airflow/dags
[2026-04-13T15:03:48.717+0000] {manager.py:821} INFO - Searching for files in /opt/airflow/dags
[2026-04-13T15:03:48.739+0000] {manager.py:824} INFO - There are 0 files in /opt/airflow/dags
[2026-04-13T19:45:37.767+0000] {manager.py:821} INFO - Searching for files in /opt/airflow/dags
[2026-04-13T19:45:37.786+0000] {manager.py:824} INFO - There are 0 files in /opt/airflow/dags
[2026-04-13T22:56:37.349+0000] {manager.py:821} INFO - Searching for files in /opt/airflow/dags
[2026-04-13T22:56:37.379+0000] {manager.py:824} INFO - There are 0 files in /opt/airflow/dags
[2026-04-13T23:01:37.528+0000] {manager.py:821} INFO - Searching for files in /opt/airflow/dags
[2026-04-13T23:01:37.547+0000] {manager.py:824} INFO - There are 0 files in /opt/airflow/dags
[2026-04-13T23:06:38.006+0000] {manager.py:821} INFO - Searching for files in /opt/airflow/dags
[2026-04-13T23:06:38.027+0000] {manager.py:824} INFO - There are 0 files in /opt/airflow/dags
[2026-04-13T23:12:21.944+0000] {manager.py:821} INFO - Searching for files in /opt/airflow/dags
[2026-04-13T23:12:21.955+0000] {manager.py:824} INFO - There are 0 files in /opt/airflow/dags
[2026-04-13T23:17:22.732+0000] {manager.py:821} INFO - Searching for files in /opt/airflow/dags
[2026-04-13T23:17:22.750+0000] {manager.py:824} INFO - There are 0 files in /opt/airflow/dags
[2026-04-13T23:22:23.283+0000] {manager.py:821} INFO - Searching for files in /opt/airflow/dags
[2026-04-13T23:22:23.300+0000] {manager.py:824} INFO - There are 0 files in /opt/airflow/dags
[2026-04-14T01:12:57.431+0000] {manager.py:821} INFO - Searching for files in /opt/airflow/dags
[2026-04-14T01:12:57.439+0000] {manager.py:824} INFO - There are 0 files in /opt/airflow/dags
[2026-04-14T01:17:58.084+0000] {manager.py:821} INFO - Searching for files in /opt/airflow/dags
[2026-04-14T01:17:58.091+0000] {manager.py:824} INFO - There are 0 files in /opt/airflow/dags
[2026-04-14T01:22:58.551+0000] {manager.py:821} INFO - Searching for files in /opt/airflow/dags
[2026-04-14T01:22:58.556+0000] {manager.py:824} INFO - There are 0 files in /opt/airflow/dags
[2026-04-14T01:27:58.968+0000] {manager.py:821} INFO - Searching for files in /opt/airflow/dags
[2026-04-14T01:27:58.986+0000] {manager.py:824} INFO - There are 0 files in /opt/airflow/dags
[2026-04-14T04:14:35.437+0000] {manager.py:821} INFO - Searching for files in /opt/airflow/dags
[2026-04-14T04:14:35.446+0000] {manager.py:824} INFO - There are 0 files in /opt/airflow/dags
[2026-04-14T06:09:31.819+0000] {manager.py:821} INFO - Searching for files in /opt/airflow/dags
[2026-04-14T06:09:31.825+0000] {manager.py:824} INFO - There are 0 files in /opt/airflow/dags
[2026-04-14T07:08:02.719+0000] {manager.py:821} INFO - Searching for files in /opt/airflow/dags
[2026-04-14T07:08:02.724+0000] {manager.py:824} INFO - There are 0 files in /opt/airflow/dags
[2026-04-14T07:32:36.727+0000] {manager.py:821} INFO - Searching for files in /opt/airflow/dags
[2026-04-14T07:32:36.733+0000] {manager.py:824} INFO - There are 0 files in /opt/airflow/dags
[2026-04-14T12:35:21.102+0000] {manager.py:821} INFO - Searching for files in /opt/airflow/dags
[2026-04-14T12:35:21.107+0000] {manager.py:824} INFO - There are 0 files in /opt/airflow/dags
[2026-04-14T14:06:08.448+0000] {manager.py:821} INFO - Searching for files in /opt/airflow/dags
[2026-04-14T14:06:08.463+0000] {manager.py:824} INFO - There are 0 files in /opt/airflow/dags
[2026-04-14T14:18:08.078+0000] {manager.py:821} INFO - Searching for files in /opt/airflow/dags
[2026-04-14T14:18:08.085+0000] {manager.py:824} INFO - There are 0 files in /opt/airflow/dags
[2026-04-14T14:23:08.825+0000] {manager.py:821} INFO - Searching for files in /opt/airflow/dags
[2026-04-14T14:23:08.837+0000] {manager.py:824} INFO - There are 0 files in /opt/airflow/dags
[2026-04-14T14:28:34.471+0000] {manager.py:821} INFO - Searching for files in /opt/airflow/dags
[2026-04-14T14:28:34.492+0000] {manager.py:824} INFO - There are 0 files in /opt/airflow/dags
[2026-04-14T14:33:34.906+0000] {manager.py:821} INFO - Searching for files in /opt/airflow/dags
[2026-04-14T14:33:34.921+0000] {manager.py:824} INFO - There are 0 files in /opt/airflow/dags
[2026-04-14T14:38:35.285+0000] {manager.py:821} INFO - Searching for files in /opt/airflow/dags
[2026-04-14T14:38:35.300+0000] {manager.py:824} INFO - There are 0 files in /opt/airflow/dags
[2026-04-14T14:43:35.908+0000] {manager.py:821} INFO - Searching for files in /opt/airflow/dags
[2026-04-14T14:43:35.917+0000] {manager.py:824} INFO - There are 0 files in /opt/airflow/dags
[2026-04-14T14:48:36.522+0000] {manager.py:821} INFO - Searching for files in /opt/airflow/dags
[2026-04-14T14:48:36.536+0000] {manager.py:824} INFO - There are 0 files in /opt/airflow/dags
[2026-04-14T14:53:37.187+0000] {manager.py:821} INFO - Searching for files in /opt/airflow/dags
[2026-04-14T14:53:37.212+0000] {manager.py:824} INFO - There are 0 files in /opt/airflow/dags
[2026-04-14T14:58:37.860+0000] {manager.py:821} INFO - Searching for files in /opt/airflow/dags
[2026-04-14T14:58:37.876+0000] {manager.py:824} INFO - There are 0 files in /opt/airflow/dags
[2026-04-14T15:03:38.475+0000] {manager.py:821} INFO - Searching for files in /opt/airflow/dags
[2026-04-14T15:03:38.486+0000] {manager.py:824} INFO - There are 0 files in /opt/airflow/dags
[2026-04-14T15:08:39.102+0000] {manager.py:821} INFO - Searching for files in /opt/airflow/dags
[2026-04-14T15:08:39.121+0000] {manager.py:824} INFO - There are 0 files in /opt/airflow/dags
[2026-04-14T15:13:39.869+0000] {manager.py:821} INFO - Searching for files in /opt/airflow/dags
[2026-04-14T15:13:39.882+0000] {manager.py:824} INFO - There are 0 files in /opt/airflow/dags
[2026-04-14T15:18:40.587+0000] {manager.py:821} INFO - Searching for files in /opt/airflow/dags
[2026-04-14T15:18:40.600+0000] {manager.py:824} INFO - There are 0 files in /opt/airflow/dags
[2026-04-14T15:39:43.692+0000] {manager.py:821} INFO - Searching for files in /opt/airflow/dags
[2026-04-14T15:39:43.697+0000] {manager.py:824} INFO - There are 0 files in /opt/airflow/dags
[2026-04-14T15:44:44.432+0000] {manager.py:821} INFO - Searching for files in /opt/airflow/dags
[2026-04-14T15:44:44.444+0000] {manager.py:824} INFO - There are 0 files in /opt/airflow/dags
[2026-04-14T15:58:58.090+0000] {manager.py:821} INFO - Searching for files in /opt/airflow/dags
[2026-04-14T15:58:58.106+0000] {manager.py:824} INFO - There are 0 files in /opt/airflow/dags
[2026-04-14T16:11:44.876+0000] {manager.py:821} INFO - Searching for files in /opt/airflow/dags
[2026-04-14T16:11:44.888+0000] {manager.py:824} INFO - There are 0 files in /opt/airflow/dags
[2026-04-14T16:16:45.714+0000] {manager.py:821} INFO - Searching for files in /opt/airflow/dags
[2026-04-14T16:16:45.721+0000] {manager.py:824} INFO - There are 0 files in /opt/airflow/dags
[2026-04-14T16:21:45.759+0000] {manager.py:821} INFO - Searching for files in /opt/airflow/dags
[2026-04-14T16:21:45.769+0000] {manager.py:824} INFO - There are 0 files in /opt/airflow/dags
[2026-04-14T16:26:45.778+0000] {manager.py:821} INFO - Searching for files in /opt/airflow/dags
[2026-04-14T16:26:45.799+0000] {manager.py:824} INFO - There are 0 files in /opt/airflow/dags
[2026-04-14T16:31:46.616+0000] {manager.py:821} INFO - Searching for files in /opt/airflow/dags
[2026-04-14T16:31:46.631+0000] {manager.py:824} INFO - There are 0 files in /opt/airflow/dags
[2026-04-14T16:36:47.620+0000] {manager.py:821} INFO - Searching for files in /opt/airflow/dags
[2026-04-14T16:36:47.644+0000] {manager.py:824} INFO - There are 0 files in /opt/airflow/dags
[2026-04-14T16:41:47.838+0000] {manager.py:821} INFO - Searching for files in /opt/airflow/dags
[2026-04-14T16:41:47.856+0000] {manager.py:824} INFO - There are 0 files in /opt/airflow/dags
[2026-04-14T16:46:48.784+0000] {manager.py:821} INFO - Searching for files in /opt/airflow/dags
[2026-04-14T16:46:48.794+0000] {manager.py:824} INFO - There are 0 files in /opt/airflow/dags
[2026-04-14T16:51:48.786+0000] {manager.py:821} INFO - Searching for files in /opt/airflow/dags
[2026-04-14T16:51:48.805+0000] {manager.py:824} INFO - There are 0 files in /opt/airflow/dags
[2026-04-14T16:56:48.801+0000] {manager.py:821} INFO - Searching for files in /opt/airflow/dags
[2026-04-14T16:56:48.819+0000] {manager.py:824} INFO - There are 0 files in /opt/airflow/dags
[2026-04-14T17:01:48.963+0000] {manager.py:821} INFO - Searching for files in /opt/airflow/dags
[2026-04-14T17:01:48.970+0000] {manager.py:824} INFO - There are 0 files in /opt/airflow/dags
[2026-04-14T18:57:02.718+0000] {manager.py:821} INFO - Searching for files in /opt/airflow/dags
[2026-04-14T18:57:02.728+0000] {manager.py:824} INFO - There are 0 files in /opt/airflow/dags
[2026-04-14T19:03:36.518+0000] {manager.py:821} INFO - Searching for files in /opt/airflow/dags
[2026-04-14T19:03:36.523+0000] {manager.py:824} INFO - There are 0 files in /opt/airflow/dags
[2026-04-14T19:08:57.852+0000] {manager.py:821} INFO - Searching for files in /opt/airflow/dags
[2026-04-14T19:08:57.861+0000] {manager.py:824} INFO - There are 0 files in /opt/airflow/dags
[2026-04-14T19:28:04.642+0000] {manager.py:821} INFO - Searching for files in /opt/airflow/dags
[2026-04-14T19:28:04.706+0000] {manager.py:824} INFO - There are 0 files in /opt/airflow/dags
[2026-04-14T19:40:00.661+0000] {manager.py:821} INFO - Searching for files in /opt/airflow/dags
[2026-04-14T19:40:00.673+0000] {manager.py:824} INFO - There are 0 files in /opt/airflow/dags
[2026-04-14T19:49:38.041+0000] {manager.py:821} INFO - Searching for files in /opt/airflow/dags
[2026-04-14T19:49:38.046+0000] {manager.py:824} INFO - There are 0 files in /opt/airflow/dags
[2026-04-14T19:54:38.697+0000] {manager.py:821} INFO - Searching for files in /opt/airflow/dags
[2026-04-14T19:54:38.700+0000] {manager.py:824} INFO - There are 0 files in /opt/airflow/dags
[2026-04-14T19:56:36.420+0000] {manager.py:465} INFO - Exiting gracefully upon receiving signal 15
[2026-04-14T19:58:59.578+0000] {manager.py:483} INFO - Processing files using up to 2 processes at a time 
[2026-04-14T19:58:59.579+0000] {manager.py:484} INFO - Process each file at most once every 30 seconds
[2026-04-14T19:58:59.580+0000] {manager.py:485} INFO - Checking for new files in /opt/airflow/dags every 300 seconds
[2026-04-14T19:58:59.580+0000] {manager.py:821} INFO - Searching for files in /opt/airflow/dags
[2026-04-14T19:58:59.586+0000] {manager.py:824} INFO - There are 0 files in /opt/airflow/dags
[2026-04-14T20:00:49.271+0000] {manager.py:465} INFO - Exiting gracefully upon receiving signal 15
[2026-04-14T20:12:54.009+0000] {manager.py:483} INFO - Processing files using up to 2 processes at a time 
[2026-04-14T20:12:54.010+0000] {manager.py:484} INFO - Process each file at most once every 30 seconds
[2026-04-14T20:12:54.010+0000] {manager.py:485} INFO - Checking for new files in /opt/airflow/dags every 300 seconds
[2026-04-14T20:12:54.011+0000] {manager.py:821} INFO - Searching for files in /opt/airflow/dags
[2026-04-14T20:12:54.015+0000] {manager.py:824} INFO - There are 0 files in /opt/airflow/dags
[2026-04-14T20:17:09.706+0000] {manager.py:465} INFO - Exiting gracefully upon receiving signal 15
